Determining if the pthread_create exist failed with the following output:
Change Dir: /home/aparnank/mvlab/growth_SM2018_forked/build_cmake/CMakeFiles/CMakeTmp

Run Build Command:"/usr/bin/make" "cmTC_77021/fast"
/usr/bin/make -f CMakeFiles/cmTC_77021.dir/build.make CMakeFiles/cmTC_77021.dir/build
make[1]: Entering directory '/home/aparnank/mvlab/growth_SM2018_forked/build_cmake/CMakeFiles/CMakeTmp'
Building C object CMakeFiles/cmTC_77021.dir/CheckSymbolExists.c.o
/usr/bin/gcc    -o CMakeFiles/cmTC_77021.dir/CheckSymbolExists.c.o   -c /home/aparnank/mvlab/growth_SM2018_forked/build_cmake/CMakeFiles/CMakeTmp/CheckSymbolExists.c
Linking C executable cmTC_77021
/usr/bin/cmake -E cmake_link_script CMakeFiles/cmTC_77021.dir/link.txt --verbose=1
/usr/bin/gcc      CMakeFiles/cmTC_77021.dir/CheckSymbolExists.c.o  -o cmTC_77021 
CMakeFiles/cmTC_77021.dir/CheckSymbolExists.c.o: In function `main':
CheckSymbolExists.c:(.text+0x1b): undefined reference to `pthread_create'
collect2: error: ld returned 1 exit status
CMakeFiles/cmTC_77021.dir/build.make:97: recipe for target 'cmTC_77021' failed
make[1]: *** [cmTC_77021] Error 1
make[1]: Leaving directory '/home/aparnank/mvlab/growth_SM2018_forked/build_cmake/CMakeFiles/CMakeTmp'
Makefile:126: recipe for target 'cmTC_77021/fast' failed
make: *** [cmTC_77021/fast] Error 2

File /home/aparnank/mvlab/growth_SM2018_forked/build_cmake/CMakeFiles/CMakeTmp/CheckSymbolExists.c:
/* */
#include <pthread.h>

int main(int argc, char** argv)
{
  (void)argv;
#ifndef pthread_create
  return ((int*)(&pthread_create))[argc];
#else
  (void)argc;
  return 0;
#endif
}

Determining if the function pthread_create exists in the pthreads failed with the following output:
Change Dir: /home/aparnank/mvlab/growth_SM2018_forked/build_cmake/CMakeFiles/CMakeTmp

Run Build Command:"/usr/bin/make" "cmTC_2c36c/fast"
/usr/bin/make -f CMakeFiles/cmTC_2c36c.dir/build.make CMakeFiles/cmTC_2c36c.dir/build
make[1]: Entering directory '/home/aparnank/mvlab/growth_SM2018_forked/build_cmake/CMakeFiles/CMakeTmp'
Building C object CMakeFiles/cmTC_2c36c.dir/CheckFunctionExists.c.o
/usr/bin/gcc   -DCHECK_FUNCTION_EXISTS=pthread_create   -o CMakeFiles/cmTC_2c36c.dir/CheckFunctionExists.c.o   -c /usr/share/cmake-3.10/Modules/CheckFunctionExists.c
Linking C executable cmTC_2c36c
/usr/bin/cmake -E cmake_link_script CMakeFiles/cmTC_2c36c.dir/link.txt --verbose=1
/usr/bin/gcc  -DCHECK_FUNCTION_EXISTS=pthread_create    CMakeFiles/cmTC_2c36c.dir/CheckFunctionExists.c.o  -o cmTC_2c36c -lpthreads 
/usr/bin/ld: cannot find -lpthreads
collect2: error: ld returned 1 exit status
CMakeFiles/cmTC_2c36c.dir/build.make:97: recipe for target 'cmTC_2c36c' failed
make[1]: *** [cmTC_2c36c] Error 1
make[1]: Leaving directory '/home/aparnank/mvlab/growth_SM2018_forked/build_cmake/CMakeFiles/CMakeTmp'
Makefile:126: recipe for target 'cmTC_2c36c/fast' failed
make: *** [cmTC_2c36c/fast] Error 2


